{"C:\\Users\\egors\\OneDrive - Ridge point\\Документы\\GitHub\\web-programming-course\\lessons\\lr7\\src\\components\\quiz\\EssayQuestion.tsx": {"path":"C:\\Users\\egors\\OneDrive - Ridge point\\Документы\\GitHub\\web-programming-course\\lessons\\lr7\\src\\components\\quiz\\EssayQuestion.tsx","statementMap":{"0":{"start":{"line":10,"column":20},"end":{"line":10,"column":null}},"1":{"start":{"line":11,"column":20},"end":{"line":11,"column":null}},"2":{"start":{"line":12,"column":20},"end":{"line":12,"column":null}},"3":{"start":{"line":13,"column":18},"end":{"line":13,"column":null}},"4":{"start":{"line":15,"column":2},"end":{"line":29,"column":null}},"5":{"start":{"line":19,"column":25},"end":{"line":19,"column":53}}},"fnMap":{"0":{"name":"EssayQuestion","decl":{"start":{"line":9,"column":16},"end":{"line":9,"column":30}},"loc":{"start":{"line":9,"column":77},"end":{"line":29,"column":null}},"line":9},"1":{"name":"(anonymous_1)","decl":{"start":{"line":19,"column":8},"end":{"line":19,"column":19}},"loc":{"start":{"line":19,"column":25},"end":{"line":19,"column":53}},"line":19}},"branchMap":{"0":{"loc":{"start":{"line":11,"column":20},"end":{"line":11,"column":null}},"type":"binary-expr","locations":[{"start":{"line":11,"column":20},"end":{"line":11,"column":42}},{"start":{"line":11,"column":42},"end":{"line":11,"column":null}}],"line":11},"1":{"loc":{"start":{"line":12,"column":20},"end":{"line":12,"column":null}},"type":"binary-expr","locations":[{"start":{"line":12,"column":20},"end":{"line":12,"column":42}},{"start":{"line":12,"column":42},"end":{"line":12,"column":null}}],"line":12},"2":{"loc":{"start":{"line":26,"column":33},"end":{"line":26,"column":79}},"type":"cond-expr","locations":[{"start":{"line":26,"column":43},"end":{"line":26,"column":61}},{"start":{"line":26,"column":61},"end":{"line":26,"column":79}}],"line":26},"3":{"loc":{"start":{"line":28,"column":9},"end":{"line":28,"column":null}},"type":"binary-expr","locations":[{"start":{"line":28,"column":9},"end":{"line":28,"column":26}},{"start":{"line":28,"column":26},"end":{"line":28,"column":null}}],"line":28}},"s":{"0":7,"1":7,"2":7,"3":7,"4":7,"5":8},"f":{"0":7,"1":8},"b":{"0":[7,1],"1":[7,0],"2":[1,6],"3":[7,6]},"meta":{"lastBranch":4,"lastFunction":2,"lastStatement":6,"seen":{"f:9:16:9:30":0,"s:10:20:10:Infinity":0,"s:11:20:11:Infinity":1,"b:11:20:11:42:11:42:11:Infinity":0,"s:12:20:12:Infinity":2,"b:12:20:12:42:12:42:12:Infinity":1,"s:13:18:13:Infinity":3,"s:15:2:29:Infinity":4,"f:19:8:19:19":1,"s:19:25:19:53":5,"b:26:43:26:61:26:61:26:79":2,"b:28:9:28:26:28:26:28:Infinity":3}}}
,"C:\\Users\\egors\\OneDrive - Ridge point\\Документы\\GitHub\\web-programming-course\\lessons\\lr7\\src\\components\\quiz\\MultipleSelectQuestion.tsx": {"path":"C:\\Users\\egors\\OneDrive - Ridge point\\Документы\\GitHub\\web-programming-course\\lessons\\lr7\\src\\components\\quiz\\MultipleSelectQuestion.tsx","statementMap":{"0":{"start":{"line":14,"column":2},"end":{"line":14,"column":null}},"1":{"start":{"line":14,"column":25},"end":{"line":14,"column":null}},"2":{"start":{"line":16,"column":2},"end":{"line":37,"column":null}},"3":{"start":{"line":19,"column":27},"end":{"line":19,"column":58}},"4":{"start":{"line":20,"column":8},"end":{"line":34,"column":null}},"5":{"start":{"line":23,"column":27},"end":{"line":23,"column":48}}},"fnMap":{"0":{"name":"MultipleSelectQuestion","decl":{"start":{"line":9,"column":16},"end":{"line":9,"column":39}},"loc":{"start":{"line":13,"column":10},"end":{"line":37,"column":null}},"line":13},"1":{"name":"(anonymous_1)","decl":{"start":{"line":18,"column":24},"end":{"line":18,"column":29}},"loc":{"start":{"line":18,"column":47},"end":{"line":34,"column":null}},"line":18},"2":{"name":"(anonymous_2)","decl":{"start":{"line":23,"column":12},"end":{"line":23,"column":27}},"loc":{"start":{"line":23,"column":27},"end":{"line":23,"column":48}},"line":23}},"branchMap":{"0":{"loc":{"start":{"line":14,"column":2},"end":{"line":14,"column":null}},"type":"if","locations":[{"start":{"line":14,"column":2},"end":{"line":14,"column":null}},{"start":{},"end":{}}],"line":14},"1":{"loc":{"start":{"line":25,"column":14},"end":{"line":27,"column":null}},"type":"cond-expr","locations":[{"start":{"line":26,"column":18},"end":{"line":26,"column":null}},{"start":{"line":27,"column":18},"end":{"line":27,"column":null}}],"line":25},"2":{"loc":{"start":{"line":31,"column":15},"end":{"line":31,"column":null}},"type":"cond-expr","locations":[{"start":{"line":31,"column":28},"end":{"line":31,"column":34}},{"start":{"line":31,"column":34},"end":{"line":31,"column":null}}],"line":31}},"s":{"0":6,"1":1,"2":5,"3":16,"4":16,"5":1},"f":{"0":6,"1":16,"2":1},"b":{"0":[1,5],"1":[2,14],"2":[2,14]},"meta":{"lastBranch":3,"lastFunction":3,"lastStatement":6,"seen":{"f:9:16:9:39":0,"b:14:2:14:Infinity:undefined:undefined:undefined:undefined":0,"s:14:2:14:Infinity":0,"s:14:25:14:Infinity":1,"s:16:2:37:Infinity":2,"f:18:24:18:29":1,"s:19:27:19:58":3,"s:20:8:34:Infinity":4,"f:23:12:23:27":2,"s:23:27:23:48":5,"b:26:18:26:Infinity:27:18:27:Infinity":1,"b:31:28:31:34:31:34:31:Infinity":2}}}
,"C:\\Users\\egors\\OneDrive - Ridge point\\Документы\\GitHub\\web-programming-course\\lessons\\lr7\\src\\components\\quiz\\QuizButton.tsx": {"path":"C:\\Users\\egors\\OneDrive - Ridge point\\Документы\\GitHub\\web-programming-course\\lessons\\lr7\\src\\components\\quiz\\QuizButton.tsx","statementMap":{"0":{"start":{"line":14,"column":20},"end":{"line":14,"column":null}},"1":{"start":{"line":15,"column":23},"end":{"line":17,"column":null}},"2":{"start":{"line":18,"column":24},"end":{"line":18,"column":null}},"3":{"start":{"line":20,"column":2},"end":{"line":27,"column":null}}},"fnMap":{"0":{"name":"QuizButton","decl":{"start":{"line":8,"column":16},"end":{"line":8,"column":27}},"loc":{"start":{"line":13,"column":20},"end":{"line":27,"column":null}},"line":13}},"branchMap":{"0":{"loc":{"start":{"line":12,"column":2},"end":{"line":12,"column":null}},"type":"default-arg","locations":[{"start":{"line":12,"column":12},"end":{"line":12,"column":null}}],"line":12},"1":{"loc":{"start":{"line":15,"column":23},"end":{"line":17,"column":null}},"type":"cond-expr","locations":[{"start":{"line":16,"column":6},"end":{"line":16,"column":null}},{"start":{"line":17,"column":6},"end":{"line":17,"column":null}}],"line":15},"2":{"loc":{"start":{"line":18,"column":24},"end":{"line":18,"column":null}},"type":"cond-expr","locations":[{"start":{"line":18,"column":35},"end":{"line":18,"column":69}},{"start":{"line":18,"column":69},"end":{"line":18,"column":null}}],"line":18}},"s":{"0":6,"1":6,"2":6,"3":6},"f":{"0":6},"b":{"0":[6],"1":[5,1],"2":[2,4]},"meta":{"lastBranch":3,"lastFunction":1,"lastStatement":4,"seen":{"f:8:16:8:27":0,"b:12:12:12:Infinity":0,"s:14:20:14:Infinity":0,"s:15:23:17:Infinity":1,"b:16:6:16:Infinity:17:6:17:Infinity":1,"s:18:24:18:Infinity":2,"b:18:35:18:69:18:69:18:Infinity":2,"s:20:2:27:Infinity":3}}}
,"C:\\Users\\egors\\OneDrive - Ridge point\\Документы\\GitHub\\web-programming-course\\lessons\\lr7\\src\\stores\\gameStore.ts": {"path":"C:\\Users\\egors\\OneDrive - Ridge point\\Документы\\GitHub\\web-programming-course\\lessons\\lr7\\src\\stores\\gameStore.ts","statementMap":{"0":{"start":{"line":13,"column":48},"end":{"line":13,"column":null}},"1":{"start":{"line":14,"column":26},"end":{"line":14,"column":28}},"2":{"start":{"line":15,"column":25},"end":{"line":15,"column":null}},"3":{"start":{"line":16,"column":10},"end":{"line":16,"column":null}},"4":{"start":{"line":17,"column":30},"end":{"line":17,"column":32}},"5":{"start":{"line":18,"column":32},"end":{"line":18,"column":34}},"6":{"start":{"line":25,"column":24},"end":{"line":25,"column":null}},"7":{"start":{"line":28,"column":2},"end":{"line":29,"column":null}},"8":{"start":{"line":22,"column":4},"end":{"line":22,"column":null}},"9":{"start":{"line":29,"column":4},"end":{"line":29,"column":null}},"10":{"start":{"line":34,"column":4},"end":{"line":34,"column":null}},"11":{"start":{"line":35,"column":4},"end":{"line":35,"column":null}},"12":{"start":{"line":35,"column":44},"end":{"line":35,"column":103}},"13":{"start":{"line":36,"column":4},"end":{"line":36,"column":null}},"14":{"start":{"line":37,"column":4},"end":{"line":37,"column":null}},"15":{"start":{"line":38,"column":4},"end":{"line":38,"column":null}},"16":{"start":{"line":39,"column":4},"end":{"line":39,"column":null}},"17":{"start":{"line":44,"column":4},"end":{"line":45,"column":null}},"18":{"start":{"line":45,"column":6},"end":{"line":45,"column":null}},"19":{"start":{"line":49,"column":5},"end":{"line":56,"column":null}},"20":{"start":{"line":51,"column":6},"end":{"line":53,"column":null}},"21":{"start":{"line":52,"column":27},"end":{"line":52,"column":null}},"22":{"start":{"line":56,"column":6},"end":{"line":56,"column":null}},"23":{"start":{"line":59,"column":28},"end":{"line":59,"column":null}},"24":{"start":{"line":60,"column":4},"end":{"line":60,"column":null}},"25":{"start":{"line":60,"column":26},"end":{"line":60,"column":null}},"26":{"start":{"line":63,"column":22},"end":{"line":63,"column":null}},"27":{"start":{"line":65,"column":4},"end":{"line":66,"column":null}},"28":{"start":{"line":66,"column":6},"end":{"line":66,"column":null}},"29":{"start":{"line":70,"column":4},"end":{"line":74,"column":null}},"30":{"start":{"line":78,"column":4},"end":{"line":79,"column":null}},"31":{"start":{"line":79,"column":6},"end":{"line":79,"column":null}},"32":{"start":{"line":82,"column":4},"end":{"line":82,"column":null}},"33":{"start":{"line":83,"column":4},"end":{"line":83,"column":null}},"34":{"start":{"line":84,"column":4},"end":{"line":84,"column":null}},"35":{"start":{"line":85,"column":4},"end":{"line":85,"column":null}},"36":{"start":{"line":89,"column":4},"end":{"line":89,"column":null}},"37":{"start":{"line":93,"column":4},"end":{"line":93,"column":null}},"38":{"start":{"line":94,"column":4},"end":{"line":94,"column":null}},"39":{"start":{"line":95,"column":4},"end":{"line":95,"column":null}},"40":{"start":{"line":96,"column":4},"end":{"line":96,"column":null}},"41":{"start":{"line":97,"column":4},"end":{"line":97,"column":null}},"42":{"start":{"line":98,"column":4},"end":{"line":98,"column":null}},"43":{"start":{"line":99,"column":4},"end":{"line":99,"column":null}},"44":{"start":{"line":104,"column":4},"end":{"line":108,"column":null}},"45":{"start":{"line":105,"column":19},"end":{"line":105,"column":null}},"46":{"start":{"line":106,"column":21},"end":{"line":106,"column":null}},"47":{"start":{"line":107,"column":19},"end":{"line":107,"column":null}},"48":{"start":{"line":108,"column":15},"end":{"line":108,"column":null}},"49":{"start":{"line":115,"column":4},"end":{"line":115,"column":null}},"50":{"start":{"line":119,"column":4},"end":{"line":119,"column":null}},"51":{"start":{"line":119,"column":37},"end":{"line":119,"column":null}},"52":{"start":{"line":120,"column":4},"end":{"line":120,"column":null}},"53":{"start":{"line":124,"column":4},"end":{"line":124,"column":null}},"54":{"start":{"line":128,"column":4},"end":{"line":128,"column":null}},"55":{"start":{"line":128,"column":51},"end":{"line":128,"column":68}},"56":{"start":{"line":133,"column":25},"end":{"line":133,"column":40}}},"fnMap":{"0":{"name":"(anonymous_0)","decl":{"start":{"line":21,"column":2},"end":{"line":21,"column":16}},"loc":{"start":{"line":21,"column":16},"end":{"line":22,"column":null}},"line":21},"1":{"name":"(anonymous_1)","decl":{"start":{"line":28,"column":2},"end":{"line":28,"column":20}},"loc":{"start":{"line":28,"column":39},"end":{"line":29,"column":null}},"line":28},"2":{"name":"(anonymous_2)","decl":{"start":{"line":33,"column":2},"end":{"line":33,"column":12}},"loc":{"start":{"line":33,"column":42},"end":{"line":39,"column":null}},"line":33},"3":{"name":"(anonymous_3)","decl":{"start":{"line":35,"column":31},"end":{"line":35,"column":35}},"loc":{"start":{"line":35,"column":44},"end":{"line":35,"column":103}},"line":35},"4":{"name":"(anonymous_4)","decl":{"start":{"line":42,"column":2},"end":{"line":42,"column":15}},"loc":{"start":{"line":42,"column":36},"end":{"line":74,"column":null}},"line":42},"5":{"name":"(anonymous_5)","decl":{"start":{"line":51,"column":50},"end":{"line":51,"column":null}},"loc":{"start":{"line":52,"column":27},"end":{"line":52,"column":null}},"line":52},"6":{"name":"(anonymous_6)","decl":{"start":{"line":77,"column":2},"end":{"line":77,"column":17}},"loc":{"start":{"line":77,"column":17},"end":{"line":85,"column":null}},"line":77},"7":{"name":"(anonymous_7)","decl":{"start":{"line":88,"column":2},"end":{"line":88,"column":15}},"loc":{"start":{"line":88,"column":15},"end":{"line":89,"column":null}},"line":88},"8":{"name":"(anonymous_8)","decl":{"start":{"line":92,"column":2},"end":{"line":92,"column":14}},"loc":{"start":{"line":92,"column":14},"end":{"line":99,"column":null}},"line":92},"9":{"name":"(anonymous_9)","decl":{"start":{"line":103,"column":2},"end":{"line":103,"column":10}},"loc":{"start":{"line":103,"column":61},"end":{"line":108,"column":null}},"line":103},"10":{"name":"(anonymous_10)","decl":{"start":{"line":114,"column":6},"end":{"line":114,"column":41}},"loc":{"start":{"line":114,"column":41},"end":{"line":115,"column":null}},"line":114},"11":{"name":"(anonymous_11)","decl":{"start":{"line":118,"column":6},"end":{"line":118,"column":25}},"loc":{"start":{"line":118,"column":25},"end":{"line":120,"column":null}},"line":118},"12":{"name":"(anonymous_12)","decl":{"start":{"line":123,"column":6},"end":{"line":123,"column":32}},"loc":{"start":{"line":123,"column":32},"end":{"line":124,"column":null}},"line":123},"13":{"name":"(anonymous_13)","decl":{"start":{"line":127,"column":6},"end":{"line":127,"column":36}},"loc":{"start":{"line":127,"column":36},"end":{"line":128,"column":null}},"line":127},"14":{"name":"(anonymous_14)","decl":{"start":{"line":128,"column":34},"end":{"line":128,"column":41}},"loc":{"start":{"line":128,"column":51},"end":{"line":128,"column":68}},"line":128}},"branchMap":{"0":{"loc":{"start":{"line":35,"column":82},"end":{"line":35,"column":101}},"type":"binary-expr","locations":[{"start":{"line":35,"column":82},"end":{"line":35,"column":98}},{"start":{"line":35,"column":98},"end":{"line":35,"column":101}}],"line":35},"1":{"loc":{"start":{"line":44,"column":4},"end":{"line":45,"column":null}},"type":"if","locations":[{"start":{"line":44,"column":4},"end":{"line":45,"column":null}},{"start":{},"end":{}}],"line":44},"2":{"loc":{"start":{"line":49,"column":5},"end":{"line":56,"column":null}},"type":"if","locations":[{"start":{"line":49,"column":5},"end":{"line":56,"column":null}},{"start":{"line":54,"column":11},"end":{"line":56,"column":null}}],"line":49},"3":{"loc":{"start":{"line":60,"column":4},"end":{"line":60,"column":null}},"type":"if","locations":[{"start":{"line":60,"column":4},"end":{"line":60,"column":null}},{"start":{},"end":{}}],"line":60},"4":{"loc":{"start":{"line":65,"column":4},"end":{"line":66,"column":null}},"type":"if","locations":[{"start":{"line":65,"column":4},"end":{"line":66,"column":null}},{"start":{},"end":{}}],"line":65},"5":{"loc":{"start":{"line":78,"column":4},"end":{"line":79,"column":null}},"type":"if","locations":[{"start":{"line":78,"column":4},"end":{"line":79,"column":null}},{"start":{},"end":{}}],"line":78},"6":{"loc":{"start":{"line":104,"column":4},"end":{"line":108,"column":null}},"type":"switch","locations":[{"start":{"line":105,"column":6},"end":{"line":105,"column":null}},{"start":{"line":106,"column":6},"end":{"line":106,"column":null}},{"start":{"line":107,"column":6},"end":{"line":107,"column":null}},{"start":{"line":108,"column":6},"end":{"line":108,"column":null}}],"line":104},"7":{"loc":{"start":{"line":115,"column":11},"end":{"line":115,"column":null}},"type":"binary-expr","locations":[{"start":{"line":115,"column":11},"end":{"line":115,"column":56}},{"start":{"line":115,"column":56},"end":{"line":115,"column":null}}],"line":115},"8":{"loc":{"start":{"line":119,"column":4},"end":{"line":119,"column":null}},"type":"if","locations":[{"start":{"line":119,"column":4},"end":{"line":119,"column":null}},{"start":{},"end":{}}],"line":119}},"s":{"0":21,"1":21,"2":21,"3":21,"4":21,"5":21,"6":21,"7":3,"8":21,"9":3,"10":2,"11":2,"12":2,"13":2,"14":2,"15":2,"16":2,"17":3,"18":1,"19":2,"20":1,"21":3,"22":1,"23":2,"24":2,"25":0,"26":2,"27":2,"28":1,"29":2,"30":5,"31":1,"32":4,"33":4,"34":4,"35":4,"36":1,"37":1,"38":1,"39":1,"40":1,"41":1,"42":1,"43":1,"44":1,"45":1,"46":0,"47":0,"48":0,"49":4,"50":1,"51":0,"52":1,"53":7,"54":0,"55":0,"56":1},"f":{"0":21,"1":3,"2":2,"3":2,"4":3,"5":3,"6":5,"7":1,"8":1,"9":1,"10":4,"11":1,"12":7,"13":0,"14":0},"b":{"0":[2,0],"1":[1,2],"2":[1,1],"3":[0,2],"4":[1,1],"5":[1,4],"6":[1,0,0,0],"7":[4,1],"8":[0,1]},"meta":{"lastBranch":9,"lastFunction":15,"lastStatement":57,"seen":{"s:13:48:13:Infinity":0,"s:14:26:14:28":1,"s:15:25:15:Infinity":2,"s:16:10:16:Infinity":3,"s:17:30:17:32":4,"s:18:32:18:34":5,"s:25:24:25:Infinity":6,"s:28:2:29:Infinity":7,"f:21:2:21:16":0,"s:22:4:22:Infinity":8,"f:28:2:28:20":1,"s:29:4:29:Infinity":9,"f:33:2:33:12":2,"s:34:4:34:Infinity":10,"s:35:4:35:Infinity":11,"f:35:31:35:35":3,"s:35:44:35:103":12,"b:35:82:35:98:35:98:35:101":0,"s:36:4:36:Infinity":13,"s:37:4:37:Infinity":14,"s:38:4:38:Infinity":15,"s:39:4:39:Infinity":16,"f:42:2:42:15":4,"b:44:4:45:Infinity:undefined:undefined:undefined:undefined":1,"s:44:4:45:Infinity":17,"s:45:6:45:Infinity":18,"b:49:5:56:Infinity:54:11:56:Infinity":2,"s:49:5:56:Infinity":19,"s:51:6:53:Infinity":20,"f:51:50:51:Infinity":5,"s:52:27:52:Infinity":21,"s:56:6:56:Infinity":22,"s:59:28:59:Infinity":23,"b:60:4:60:Infinity:undefined:undefined:undefined:undefined":3,"s:60:4:60:Infinity":24,"s:60:26:60:Infinity":25,"s:63:22:63:Infinity":26,"b:65:4:66:Infinity:undefined:undefined:undefined:undefined":4,"s:65:4:66:Infinity":27,"s:66:6:66:Infinity":28,"s:70:4:74:Infinity":29,"f:77:2:77:17":6,"b:78:4:79:Infinity:undefined:undefined:undefined:undefined":5,"s:78:4:79:Infinity":30,"s:79:6:79:Infinity":31,"s:82:4:82:Infinity":32,"s:83:4:83:Infinity":33,"s:84:4:84:Infinity":34,"s:85:4:85:Infinity":35,"f:88:2:88:15":7,"s:89:4:89:Infinity":36,"f:92:2:92:14":8,"s:93:4:93:Infinity":37,"s:94:4:94:Infinity":38,"s:95:4:95:Infinity":39,"s:96:4:96:Infinity":40,"s:97:4:97:Infinity":41,"s:98:4:98:Infinity":42,"s:99:4:99:Infinity":43,"f:103:2:103:10":9,"b:105:6:105:Infinity:106:6:106:Infinity:107:6:107:Infinity:108:6:108:Infinity":6,"s:104:4:108:Infinity":44,"s:105:19:105:Infinity":45,"s:106:21:106:Infinity":46,"s:107:19:107:Infinity":47,"s:108:15:108:Infinity":48,"f:114:6:114:41":10,"s:115:4:115:Infinity":49,"b:115:11:115:56:115:56:115:Infinity":7,"f:118:6:118:25":11,"b:119:4:119:Infinity:undefined:undefined:undefined:undefined":8,"s:119:4:119:Infinity":50,"s:119:37:119:Infinity":51,"s:120:4:120:Infinity":52,"f:123:6:123:32":12,"s:124:4:124:Infinity":53,"f:127:6:127:36":13,"s:128:4:128:Infinity":54,"f:128:34:128:41":14,"s:128:51:128:68":55,"s:133:25:133:40":56}}}
,"C:\\Users\\egors\\OneDrive - Ridge point\\Документы\\GitHub\\web-programming-course\\lessons\\lr7\\src\\utils\\score.ts": {"path":"C:\\Users\\egors\\OneDrive - Ridge point\\Документы\\GitHub\\web-programming-course\\lessons\\lr7\\src\\utils\\score.ts","statementMap":{"0":{"start":{"line":4,"column":2},"end":{"line":4,"column":null}},"1":{"start":{"line":4,"column":36},"end":{"line":4,"column":65}},"2":{"start":{"line":8,"column":2},"end":{"line":8,"column":null}},"3":{"start":{"line":8,"column":29},"end":{"line":8,"column":41}},"4":{"start":{"line":12,"column":2},"end":{"line":12,"column":null}},"5":{"start":{"line":12,"column":28},"end":{"line":12,"column":null}},"6":{"start":{"line":13,"column":18},"end":{"line":13,"column":49}},"7":{"start":{"line":14,"column":2},"end":{"line":14,"column":null}}},"fnMap":{"0":{"name":"calculateTotalScore","decl":{"start":{"line":3,"column":16},"end":{"line":3,"column":36}},"loc":{"start":{"line":3,"column":63},"end":{"line":4,"column":null}},"line":3},"1":{"name":"(anonymous_1)","decl":{"start":{"line":4,"column":17},"end":{"line":4,"column":25}},"loc":{"start":{"line":4,"column":36},"end":{"line":4,"column":65}},"line":4},"2":{"name":"getCorrectAnswersCount","decl":{"start":{"line":7,"column":16},"end":{"line":7,"column":39}},"loc":{"start":{"line":7,"column":66},"end":{"line":8,"column":null}},"line":7},"3":{"name":"(anonymous_3)","decl":{"start":{"line":8,"column":17},"end":{"line":8,"column":24}},"loc":{"start":{"line":8,"column":29},"end":{"line":8,"column":41}},"line":8},"4":{"name":"calculateAccuracy","decl":{"start":{"line":11,"column":16},"end":{"line":11,"column":34}},"loc":{"start":{"line":11,"column":61},"end":{"line":14,"column":null}},"line":11}},"branchMap":{"0":{"loc":{"start":{"line":4,"column":43},"end":{"line":4,"column":65}},"type":"binary-expr","locations":[{"start":{"line":4,"column":43},"end":{"line":4,"column":61}},{"start":{"line":4,"column":61},"end":{"line":4,"column":65}}],"line":4},"1":{"loc":{"start":{"line":12,"column":2},"end":{"line":12,"column":null}},"type":"if","locations":[{"start":{"line":12,"column":2},"end":{"line":12,"column":null}},{"start":{},"end":{}}],"line":12}},"s":{"0":4,"1":5,"2":5,"3":11,"4":3,"5":1,"6":2,"7":2},"f":{"0":4,"1":5,"2":5,"3":11,"4":3},"b":{"0":[5,1],"1":[1,2]},"meta":{"lastBranch":2,"lastFunction":5,"lastStatement":8,"seen":{"f:3:16:3:36":0,"s:4:2:4:Infinity":0,"f:4:17:4:25":1,"s:4:36:4:65":1,"b:4:43:4:61:4:61:4:65":0,"f:7:16:7:39":2,"s:8:2:8:Infinity":2,"f:8:17:8:24":3,"s:8:29:8:41":3,"f:11:16:11:34":4,"b:12:2:12:Infinity:undefined:undefined:undefined:undefined":1,"s:12:2:12:Infinity":4,"s:12:28:12:Infinity":5,"s:13:18:13:49":6,"s:14:2:14:Infinity":7}}}
}
